# JRE version: OpenJDK Runtime Environment Temurin-11.0.14.1+1 (11.0.14.1+1) (build 11.0.14.1+1)
# Java VM: OpenJDK 64-Bit Server VM Temurin-11.0.14.1+1 (11.0.14.1+1, mixed mode, tiered, compressed oops, g1 gc, bsd-amd64)
Heap:
 garbage-first heap   total 131072K, used 32092K [0x0000000780000000, 0x0000000800000000)
  region size 1024K, 26 young (26624K), 4 survivors (4096K)
 Metaspace       used 26747K, capacity 27674K, committed 27904K, reserved 1073152K
  class space    used 3333K, capacity 3737K, committed 3840K, reserved 1048576K
GC Heap History (6 events):
Event: 1.951 GC heap before
{Heap before GC invocations=0 (full 0):
 garbage-first heap   total 131072K, used 14336K [0x0000000780000000, 0x0000000800000000)
  region size 1024K, 14 young (14336K), 0 survivors (0K)
 Metaspace       used 10220K, capacity 10513K, committed 10752K, reserved 1058816K
  class space    used 1032K, capacity 1170K, committed 1280K, reserved 1048576K
}
Event: 1.963 GC heap after
{Heap after GC invocations=1 (full 0):
 garbage-first heap   total 131072K, used 2815K [0x0000000780000000, 0x0000000800000000)
  region size 1024K, 2 young (2048K), 2 survivors (2048K)
 Metaspace       used 10220K, capacity 10513K, committed 10752K, reserved 1058816K
  class space    used 1032K, capacity 1170K, committed 1280K, reserved 1048576K
}
Event: 2.772 GC heap before
{Heap before GC invocations=1 (full 0):
 garbage-first heap   total 131072K, used 15103K [0x0000000780000000, 0x0000000800000000)
  region size 1024K, 14 young (14336K), 2 survivors (2048K)
 Metaspace       used 14592K, capacity 15027K, committed 15104K, reserved 1062912K
  class space    used 1588K, capacity 1785K, committed 1792K, reserved 1048576K
}
Event: 2.779 GC heap after
{Heap after GC invocations=2 (full 0):
 garbage-first heap   total 131072K, used 4981K [0x0000000780000000, 0x0000000800000000)
  region size 1024K, 2 young (2048K), 2 survivors (2048K)
 Metaspace       used 14592K, capacity 15027K, committed 15104K, reserved 1062912K
  class space    used 1588K, capacity 1785K, committed 1792K, reserved 1048576K
}
Event: 3.326 GC heap before
{Heap before GC invocations=2 (full 0):
 garbage-first heap   total 131072K, used 15221K [0x0000000780000000, 0x0000000800000000)
  region size 1024K, 13 young (13312K), 2 survivors (2048K)
 Metaspace       used 20475K, capacity 21007K, committed 21248K, reserved 1069056K
  class space    used 2309K, capacity 2525K, committed 2560K, reserved 1048576K
}
Event: 3.339 GC heap after
{Heap after GC invocations=3 (full 0):
 garbage-first heap   total 131072K, used 6492K [0x0000000780000000, 0x0000000800000000)
  region size 1024K, 4 young (4096K), 4 survivors (4096K)
 Metaspace       used 20475K, capacity 21007K, committed 21248K, reserved 1069056K
  class space    used 2309K, capacity 2525K, committed 2560K, reserved 1048576K
}

